# JRE version: Java(TM) SE Runtime Environment (8.0_74-b02) (build 1.8.0_74-b02)
# Java VM: Java HotSpot(TM) 64-Bit Server VM (25.74-b02 mixed mode windows-amd64 compressed oops)
Heap:
 PSYoungGen      total 503808K, used 369383K [0x0000000780000000, 0x00000007a4880000, 0x00000007c0000000)
  eden space 453632K, 81% used [0x0000000780000000,0x00000007968b9d08,0x000000079bb00000)
  from space 50176K, 0% used [0x000000079ea80000,0x000000079ea80000,0x00000007a1b80000)
  to   space 48640K, 0% used [0x000000079bb00000,0x000000079bb00000,0x000000079ea80000)
 ParOldGen       total 192512K, used 65875K [0x0000000700000000, 0x000000070bc00000, 0x0000000780000000)
  object space 192512K, 34% used [0x0000000700000000,0x0000000704054df0,0x000000070bc00000)
 Metaspace       used 55793K, capacity 56968K, committed 57256K, reserved 1099776K
  class space    used 6975K, capacity 7310K, committed 7336K, reserved 1048576K
GC Heap History (10 events):
Event: 5.507 GC heap before
{Heap before GC invocations=6 (full 1):
 PSYoungGen      total 204800K, used 196608K [0x0000000780000000, 0x000000078d000000, 0x00000007c0000000)
  eden space 196608K, 100% used [0x0000000780000000,0x000000078c000000,0x000000078c000000)
  from space 8192K, 0% used [0x000000078c800000,0x000000078c800000,0x000000078d000000)
  to   space 8192K, 0% used [0x000000078c000000,0x000000078c000000,0x000000078c800000)
 ParOldGen       total 108544K, used 20394K [0x0000000700000000, 0x0000000706a00000, 0x0000000780000000)
  object space 108544K, 18% used [0x0000000700000000,0x00000007013ea808,0x0000000706a00000)
 Metaspace       used 27790K, capacity 28286K, committed 28464K, reserved 1075200K
  class space    used 3475K, capacity 3603K, committed 3632K, reserved 1048576K
Event: 5.538 GC heap after
Heap after GC invocations=6 (full 1):
 PSYoungGen      total 204800K, used 8165K [0x0000000780000000, 0x0000000796700000, 0x00000007c0000000)
  eden space 196608K, 0% used [0x0000000780000000,0x0000000780000000,0x000000078c000000)
  from space 8192K, 99% used [0x000000078c000000,0x000000078c7f9698,0x000000078c800000)
  to   space 42496K, 0% used [0x0000000793d80000,0x0000000793d80000,0x0000000796700000)
 ParOldGen       total 108544K, used 61115K [0x0000000700000000, 0x0000000706a00000, 0x0000000780000000)
  object space 108544K, 56% used [0x0000000700000000,0x0000000703baef08,0x0000000706a00000)
 Metaspace       used 27790K, capacity 28286K, committed 28464K, reserved 1075200K
  class space    used 3475K, capacity 3603K, committed 3632K, reserved 1048576K
}
Event: 6.209 GC heap before
{Heap before GC invocations=7 (full 1):
 PSYoungGen      total 204800K, used 204773K [0x0000000780000000, 0x0000000796700000, 0x00000007c0000000)
  eden space 196608K, 100% used [0x0000000780000000,0x000000078c000000,0x000000078c000000)
  from space 8192K, 99% used [0x000000078c000000,0x000000078c7f9698,0x000000078c800000)
  to   space 42496K, 0% used [0x0000000793d80000,0x0000000793d80000,0x0000000796700000)
 ParOldGen       total 108544K, used 61115K [0x0000000700000000, 0x0000000706a00000, 0x0000000780000000)
  object space 108544K, 56% used [0x0000000700000000,0x0000000703baef08,0x0000000706a00000)
 Metaspace       used 28503K, capacity 29022K, committed 29360K, reserved 1075200K
  class space    used 3485K, capacity 3635K, committed 3760K, reserved 1048576K
Event: 6.248 GC heap after
Heap after GC invocations=7 (full 1):
 PSYoungGen      total 326144K, used 24560K [0x0000000780000000, 0x0000000797780000, 0x00000007c0000000)
  eden space 283648K, 0% used [0x0000000780000000,0x0000000780000000,0x0000000791500000)
  from space 42496K, 57% used [0x0000000793d80000,0x000000079557c000,0x0000000796700000)
  to   space 41472K, 0% used [0x0000000791500000,0x0000000791500000,0x0000000793d80000)
 ParOldGen       total 108544K, used 61115K [0x0000000700000000, 0x0000000706a00000, 0x0000000780000000)
  object space 108544K, 56% used [0x0000000700000000,0x0000000703baef08,0x0000000706a00000)
 Metaspace       used 28503K, capacity 29022K, committed 29360K, reserved 1075200K
  class space    used 3485K, capacity 3635K, committed 3760K, reserved 1048576K
}
Event: 7.369 GC heap before
{Heap before GC invocations=8 (full 1):
 PSYoungGen      total 326144K, used 308208K [0x0000000780000000, 0x0000000797780000, 0x00000007c0000000)
  eden space 283648K, 100% used [0x0000000780000000,0x0000000791500000,0x0000000791500000)
  from space 42496K, 57% used [0x0000000793d80000,0x000000079557c000,0x0000000796700000)
  to   space 41472K, 0% used [0x0000000791500000,0x0000000791500000,0x0000000793d80000)
 ParOldGen       total 108544K, used 61115K [0x0000000700000000, 0x0000000706a00000, 0x0000000780000000)
  object space 108544K, 56% used [0x0000000700000000,0x0000000703baef08,0x0000000706a00000)
 Metaspace       used 31464K, capacity 32174K, committed 32432K, reserved 1077248K
  class space    used 3794K, capacity 3942K, committed 4016K, reserved 1048576K
Event: 7.437 GC heap after
Heap after GC invocations=8 (full 1):
 PSYoungGen      total 325120K, used 41461K [0x0000000780000000, 0x00000007a1b80000, 0x00000007c0000000)
  eden space 283648K, 0% used [0x0000000780000000,0x0000000780000000,0x0000000791500000)
  from space 41472K, 99% used [0x0000000791500000,0x0000000793d7d6a8,0x0000000793d80000)
  to   space 50176K, 0% used [0x000000079ea80000,0x000000079ea80000,0x00000007a1b80000)
 ParOldGen       total 108544K, used 62833K [0x0000000700000000, 0x0000000706a00000, 0x0000000780000000)
  object space 108544K, 57% used [0x0000000700000000,0x0000000703d5c6b0,0x0000000706a00000)
 Metaspace       used 31464K, capacity 32174K, committed 32432K, reserved 1077248K
  class space    used 3794K, capacity 3942K, committed 4016K, reserved 1048576K
}
Event: 8.847 GC heap before
{Heap before GC invocations=9 (full 1):
 PSYoungGen      total 325120K, used 265659K [0x0000000780000000, 0x00000007a1b80000, 0x00000007c0000000)
  eden space 283648K, 79% used [0x0000000780000000,0x000000078daf17c8,0x0000000791500000)
  from space 41472K, 99% used [0x0000000791500000,0x0000000793d7d6a8,0x0000000793d80000)
  to   space 50176K, 0% used [0x000000079ea80000,0x000000079ea80000,0x00000007a1b80000)
 ParOldGen       total 108544K, used 62833K [0x0000000700000000, 0x0000000706a00000, 0x0000000780000000)
  object space 108544K, 57% used [0x0000000700000000,0x0000000703d5c6b0,0x0000000706a00000)
 Metaspace       used 34448K, capacity 35346K, committed 35496K, reserved 1081344K
  class space    used 4198K, capacity 4426K, committed 4520K, reserved 1048576K
Event: 9.212 GC heap after
Heap after GC invocations=9 (full 1):
 PSYoungGen      total 503808K, used 15583K [0x0000000780000000, 0x00000007a4880000, 0x00000007c0000000)
  eden space 453632K, 0% used [0x0000000780000000,0x0000000780000000,0x000000079bb00000)
  from space 50176K, 31% used [0x000000079ea80000,0x000000079f9b7ce8,0x00000007a1b80000)
  to   space 48640K, 0% used [0x000000079bb00000,0x000000079bb00000,0x000000079ea80000)
 ParOldGen       total 108544K, used 62857K [0x0000000700000000, 0x0000000706a00000, 0x0000000780000000)
  object space 108544K, 57% used [0x0000000700000000,0x0000000703d626b0,0x0000000706a00000)
 Metaspace       used 34448K, capacity 35346K, committed 35496K, reserved 1081344K
  class space    used 4198K, capacity 4426K, committed 4520K, reserved 1048576K
}
Event: 9.213 GC heap before
{Heap before GC invocations=10 (full 2):
 PSYoungGen      total 503808K, used 15583K [0x0000000780000000, 0x00000007a4880000, 0x00000007c0000000)
  eden space 453632K, 0% used [0x0000000780000000,0x0000000780000000,0x000000079bb00000)
  from space 50176K, 31% used [0x000000079ea80000,0x000000079f9b7ce8,0x00000007a1b80000)
  to   space 48640K, 0% used [0x000000079bb00000,0x000000079bb00000,0x000000079ea80000)
 ParOldGen       total 108544K, used 62857K [0x0000000700000000, 0x0000000706a00000, 0x0000000780000000)
  object space 108544K, 57% used [0x0000000700000000,0x0000000703d626b0,0x0000000706a00000)
 Metaspace       used 34448K, capacity 35346K, committed 35496K, reserved 1081344K
  class space    used 4198K, capacity 4426K, committed 4520K, reserved 1048576K
Event: 9.340 GC heap after
Heap after GC invocations=10 (full 2):
 PSYoungGen      total 503808K, used 0K [0x0000000780000000, 0x00000007a4880000, 0x00000007c0000000)
  eden space 453632K, 0% used [0x0000000780000000,0x0000000780000000,0x000000079bb00000)
  from space 50176K, 0% used [0x000000079ea80000,0x000000079ea80000,0x00000007a1b80000)
  to   space 48640K, 0% used [0x000000079bb00000,0x000000079bb00000,0x000000079ea80000)
 ParOldGen       total 192512K, used 65875K [0x0000000700000000, 0x000000070bc00000, 0x0000000780000000)
  object space 192512K, 34% used [0x0000000700000000,0x0000000704054df0,0x000000070bc00000)
 Metaspace       used 34448K, capacity 35346K, committed 35496K, reserved 1081344K
  class space    used 4198K, capacity 4426K, committed 4520K, reserved 1048576K
}

